[debug] [2024-08-16T22:19:41.863Z] ----------------------------------------------------------------------
[debug] [2024-08-16T22:19:41.865Z] Command:       /Users/dillonlara/.nvm/versions/node/v22.5.1/bin/node /Users/dillonlara/.nvm/versions/node/v22.5.1/bin/firebase deploy --only functions
[debug] [2024-08-16T22:19:41.865Z] CLI Version:   13.15.2
[debug] [2024-08-16T22:19:41.865Z] Platform:      darwin
[debug] [2024-08-16T22:19:41.865Z] Node Version:  v22.5.1
[debug] [2024-08-16T22:19:41.866Z] Time:          Fri Aug 16 2024 16:19:41 GMT-0600 (Mountain Daylight Time)
[debug] [2024-08-16T22:19:41.866Z] ----------------------------------------------------------------------
[debug] 
[debug] [2024-08-16T22:19:41.898Z] > command requires scopes: ["email","openid","https://www.googleapis.com/auth/cloudplatformprojects.readonly","https://www.googleapis.com/auth/firebase","https://www.googleapis.com/auth/cloud-platform"]
[debug] [2024-08-16T22:19:41.898Z] > authorizing via signed-in user (dillonlara115@gmail.com)
[debug] [2024-08-16T22:19:41.898Z] [iam] checking project outpostleads-8d880 for permissions ["cloudfunctions.functions.create","cloudfunctions.functions.delete","cloudfunctions.functions.get","cloudfunctions.functions.list","cloudfunctions.functions.update","cloudfunctions.operations.get","firebase.projects.get"]
[debug] [2024-08-16T22:19:41.899Z] >>> [apiv2][query] POST https://cloudresourcemanager.googleapis.com/v1/projects/outpostleads-8d880:testIamPermissions [none]
[debug] [2024-08-16T22:19:41.899Z] >>> [apiv2][(partial)header] POST https://cloudresourcemanager.googleapis.com/v1/projects/outpostleads-8d880:testIamPermissions x-goog-quota-user=projects/outpostleads-8d880
[debug] [2024-08-16T22:19:41.899Z] >>> [apiv2][body] POST https://cloudresourcemanager.googleapis.com/v1/projects/outpostleads-8d880:testIamPermissions {"permissions":["cloudfunctions.functions.create","cloudfunctions.functions.delete","cloudfunctions.functions.get","cloudfunctions.functions.list","cloudfunctions.functions.update","cloudfunctions.operations.get","firebase.projects.get"]}
[debug] [2024-08-16T22:19:42.141Z] <<< [apiv2][status] POST https://cloudresourcemanager.googleapis.com/v1/projects/outpostleads-8d880:testIamPermissions 200
[debug] [2024-08-16T22:19:42.142Z] <<< [apiv2][body] POST https://cloudresourcemanager.googleapis.com/v1/projects/outpostleads-8d880:testIamPermissions {"permissions":["cloudfunctions.functions.create","cloudfunctions.functions.delete","cloudfunctions.functions.get","cloudfunctions.functions.list","cloudfunctions.functions.update","cloudfunctions.operations.get","firebase.projects.get"]}
[debug] [2024-08-16T22:19:42.142Z] >>> [apiv2][query] POST https://iam.googleapis.com/v1/projects/outpostleads-8d880/serviceAccounts/outpostleads-8d880@appspot.gserviceaccount.com:testIamPermissions [none]
[debug] [2024-08-16T22:19:42.142Z] >>> [apiv2][body] POST https://iam.googleapis.com/v1/projects/outpostleads-8d880/serviceAccounts/outpostleads-8d880@appspot.gserviceaccount.com:testIamPermissions {"permissions":["iam.serviceAccounts.actAs"]}
[debug] [2024-08-16T22:19:42.364Z] <<< [apiv2][status] POST https://iam.googleapis.com/v1/projects/outpostleads-8d880/serviceAccounts/outpostleads-8d880@appspot.gserviceaccount.com:testIamPermissions 200
[debug] [2024-08-16T22:19:42.364Z] <<< [apiv2][body] POST https://iam.googleapis.com/v1/projects/outpostleads-8d880/serviceAccounts/outpostleads-8d880@appspot.gserviceaccount.com:testIamPermissions {"permissions":["iam.serviceAccounts.actAs"]}
[info] 
[info] === Deploying to 'outpostleads-8d880'...
[info] 
[info] i  deploying functions 
[info] Running command: npm --prefix "$RESOURCE_DIR" run lint
[info] Running command: npm --prefix "$RESOURCE_DIR" run build
[info] ✔  functions: Finished running predeploy script. 
[debug] [2024-08-16T22:19:46.061Z] >>> [apiv2][query] GET https://firebase.googleapis.com/v1beta1/projects/outpostleads-8d880 [none]
[debug] [2024-08-16T22:19:46.286Z] <<< [apiv2][status] GET https://firebase.googleapis.com/v1beta1/projects/outpostleads-8d880 200
[debug] [2024-08-16T22:19:46.287Z] <<< [apiv2][body] GET https://firebase.googleapis.com/v1beta1/projects/outpostleads-8d880 {"projectId":"outpostleads-8d880","projectNumber":"283284414407","displayName":"outpostleads","name":"projects/outpostleads-8d880","resources":{"hostingSite":"outpostleads-8d880"},"state":"ACTIVE","etag":"1_2ad7fd54-e7ee-4dfa-b41e-d35b142f38c0"}
[info] i  functions: preparing codebase default for deployment 
[info] i  functions: ensuring required API cloudfunctions.googleapis.com is enabled... 
[info] i  functions: ensuring required API cloudbuild.googleapis.com is enabled... 
[info] i  artifactregistry: ensuring required API artifactregistry.googleapis.com is enabled... 
[debug] [2024-08-16T22:19:46.289Z] >>> [apiv2][query] GET https://serviceusage.googleapis.com/v1/projects/outpostleads-8d880/services/cloudfunctions.googleapis.com [none]
[debug] [2024-08-16T22:19:46.289Z] >>> [apiv2][(partial)header] GET https://serviceusage.googleapis.com/v1/projects/outpostleads-8d880/services/cloudfunctions.googleapis.com x-goog-quota-user=projects/outpostleads-8d880
[debug] [2024-08-16T22:19:46.290Z] >>> [apiv2][query] GET https://serviceusage.googleapis.com/v1/projects/outpostleads-8d880/services/runtimeconfig.googleapis.com [none]
[debug] [2024-08-16T22:19:46.291Z] >>> [apiv2][(partial)header] GET https://serviceusage.googleapis.com/v1/projects/outpostleads-8d880/services/runtimeconfig.googleapis.com x-goog-quota-user=projects/outpostleads-8d880
[debug] [2024-08-16T22:19:46.292Z] >>> [apiv2][query] GET https://serviceusage.googleapis.com/v1/projects/outpostleads-8d880/services/cloudbuild.googleapis.com [none]
[debug] [2024-08-16T22:19:46.292Z] >>> [apiv2][(partial)header] GET https://serviceusage.googleapis.com/v1/projects/outpostleads-8d880/services/cloudbuild.googleapis.com x-goog-quota-user=projects/outpostleads-8d880
[debug] [2024-08-16T22:19:46.294Z] >>> [apiv2][query] GET https://serviceusage.googleapis.com/v1/projects/outpostleads-8d880/services/artifactregistry.googleapis.com [none]
[debug] [2024-08-16T22:19:46.294Z] >>> [apiv2][(partial)header] GET https://serviceusage.googleapis.com/v1/projects/outpostleads-8d880/services/artifactregistry.googleapis.com x-goog-quota-user=projects/outpostleads-8d880
[debug] [2024-08-16T22:19:46.606Z] <<< [apiv2][status] GET https://serviceusage.googleapis.com/v1/projects/outpostleads-8d880/services/runtimeconfig.googleapis.com 200
[debug] [2024-08-16T22:19:46.606Z] <<< [apiv2][body] GET https://serviceusage.googleapis.com/v1/projects/outpostleads-8d880/services/runtimeconfig.googleapis.com [omitted]
[debug] [2024-08-16T22:19:46.620Z] <<< [apiv2][status] GET https://serviceusage.googleapis.com/v1/projects/outpostleads-8d880/services/artifactregistry.googleapis.com 200
[debug] [2024-08-16T22:19:46.620Z] <<< [apiv2][body] GET https://serviceusage.googleapis.com/v1/projects/outpostleads-8d880/services/artifactregistry.googleapis.com [omitted]
[info] ✔  artifactregistry: required API artifactregistry.googleapis.com is enabled 
[debug] [2024-08-16T22:19:46.630Z] <<< [apiv2][status] GET https://serviceusage.googleapis.com/v1/projects/outpostleads-8d880/services/cloudfunctions.googleapis.com 200
[debug] [2024-08-16T22:19:46.630Z] <<< [apiv2][body] GET https://serviceusage.googleapis.com/v1/projects/outpostleads-8d880/services/cloudfunctions.googleapis.com [omitted]
[info] ✔  functions: required API cloudfunctions.googleapis.com is enabled 
[debug] [2024-08-16T22:19:46.660Z] <<< [apiv2][status] GET https://serviceusage.googleapis.com/v1/projects/outpostleads-8d880/services/cloudbuild.googleapis.com 200
[debug] [2024-08-16T22:19:46.660Z] <<< [apiv2][body] GET https://serviceusage.googleapis.com/v1/projects/outpostleads-8d880/services/cloudbuild.googleapis.com [omitted]
[info] ✔  functions: required API cloudbuild.googleapis.com is enabled 
[debug] [2024-08-16T22:19:46.661Z] >>> [apiv2][query] GET https://firebase.googleapis.com/v1beta1/projects/outpostleads-8d880/adminSdkConfig [none]
[debug] [2024-08-16T22:19:46.769Z] <<< [apiv2][status] GET https://firebase.googleapis.com/v1beta1/projects/outpostleads-8d880/adminSdkConfig 200
[debug] [2024-08-16T22:19:46.769Z] <<< [apiv2][body] GET https://firebase.googleapis.com/v1beta1/projects/outpostleads-8d880/adminSdkConfig {"projectId":"outpostleads-8d880","storageBucket":"outpostleads-8d880.appspot.com"}
[debug] [2024-08-16T22:19:46.770Z] >>> [apiv2][query] GET https://runtimeconfig.googleapis.com/v1beta1/projects/outpostleads-8d880/configs [none]
[debug] [2024-08-16T22:19:46.957Z] <<< [apiv2][status] GET https://runtimeconfig.googleapis.com/v1beta1/projects/outpostleads-8d880/configs 200
[debug] [2024-08-16T22:19:46.958Z] <<< [apiv2][body] GET https://runtimeconfig.googleapis.com/v1beta1/projects/outpostleads-8d880/configs {"configs":[{"name":"projects/outpostleads-8d880/configs/ol"}]}
[debug] [2024-08-16T22:19:46.959Z] >>> [apiv2][query] GET https://runtimeconfig.googleapis.com/v1beta1/projects/outpostleads-8d880/configs/ol/variables [none]
[debug] [2024-08-16T22:19:47.087Z] <<< [apiv2][status] GET https://runtimeconfig.googleapis.com/v1beta1/projects/outpostleads-8d880/configs/ol/variables 200
[debug] [2024-08-16T22:19:47.087Z] <<< [apiv2][body] GET https://runtimeconfig.googleapis.com/v1beta1/projects/outpostleads-8d880/configs/ol/variables {"variables":[{"name":"projects/outpostleads-8d880/configs/ol/variables/firebase_client_email","updateTime":"2024-07-02T01:26:54.132730934Z"},{"name":"projects/outpostleads-8d880/configs/ol/variables/firebase_private_key","updateTime":"2024-07-02T01:26:54.132699264Z"},{"name":"projects/outpostleads-8d880/configs/ol/variables/firebase_project_id","updateTime":"2024-07-02T01:26:54.132757933Z"}]}
[debug] [2024-08-16T22:19:47.088Z] >>> [apiv2][query] GET https://runtimeconfig.googleapis.com/v1beta1/projects/outpostleads-8d880/configs/ol/variables/firebase_client_email [none]
[debug] [2024-08-16T22:19:47.088Z] >>> [apiv2][query] GET https://runtimeconfig.googleapis.com/v1beta1/projects/outpostleads-8d880/configs/ol/variables/firebase_private_key [none]
[debug] [2024-08-16T22:19:47.090Z] >>> [apiv2][query] GET https://runtimeconfig.googleapis.com/v1beta1/projects/outpostleads-8d880/configs/ol/variables/firebase_project_id [none]
[debug] [2024-08-16T22:19:47.179Z] <<< [apiv2][status] GET https://runtimeconfig.googleapis.com/v1beta1/projects/outpostleads-8d880/configs/ol/variables/firebase_client_email 200
[debug] [2024-08-16T22:19:47.180Z] <<< [apiv2][body] GET https://runtimeconfig.googleapis.com/v1beta1/projects/outpostleads-8d880/configs/ol/variables/firebase_client_email {"name":"projects/outpostleads-8d880/configs/ol/variables/firebase_client_email","updateTime":"2024-07-02T01:26:54.132730934Z","text":"firebase-adminsdk-9yuwk@outpostleads-8d880.iam.gserviceaccount.com"}
[debug] [2024-08-16T22:19:47.245Z] <<< [apiv2][status] GET https://runtimeconfig.googleapis.com/v1beta1/projects/outpostleads-8d880/configs/ol/variables/firebase_private_key 200
[debug] [2024-08-16T22:19:47.246Z] <<< [apiv2][body] GET https://runtimeconfig.googleapis.com/v1beta1/projects/outpostleads-8d880/configs/ol/variables/firebase_private_key {"name":"projects/outpostleads-8d880/configs/ol/variables/firebase_private_key","updateTime":"2024-07-02T01:26:54.132699264Z","text":"3e679e7c3527f100e78a520a4435018e9cb151b8"}
[debug] [2024-08-16T22:19:47.246Z] <<< [apiv2][status] GET https://runtimeconfig.googleapis.com/v1beta1/projects/outpostleads-8d880/configs/ol/variables/firebase_project_id 200
[debug] [2024-08-16T22:19:47.246Z] <<< [apiv2][body] GET https://runtimeconfig.googleapis.com/v1beta1/projects/outpostleads-8d880/configs/ol/variables/firebase_project_id {"name":"projects/outpostleads-8d880/configs/ol/variables/firebase_project_id","updateTime":"2024-07-02T01:26:54.132757933Z","text":"outpostleads-8d880"}
[debug] [2024-08-16T22:19:47.249Z] Validating nodejs source
[debug] [2024-08-16T22:19:47.780Z] > [functions] package.json contents: {
  "name": "functions",
  "scripts": {
    "lint": "eslint --ext .js,.ts .",
    "build": "tsc",
    "build:watch": "tsc --watch",
    "serve": "npm run build && firebase emulators:start --only functions",
    "shell": "npm run build && firebase functions:shell",
    "start": "npm run shell",
    "deploy": "firebase deploy --only functions",
    "logs": "firebase functions:log"
  },
  "engines": {
    "node": "18"
  },
  "main": "lib/index.js",
  "dependencies": {
    "@types/rimraf": "^4.0.5",
    "axios": "^1.7.2",
    "cors": "^2.8.5",
    "dotenv": "^16.4.5",
    "express": "^4.19.2",
    "firebase-admin": "^12.3.1",
    "firebase-functions": "^5.0.1",
    "glob": "^11.0.0",
    "minimatch": "^10.0.1",
    "node-cache": "^5.1.2",
    "outscraper": "^2.0.4",
    "rimraf": "^6.0.1",
    "uuid": "^10.0.0"
  },
  "devDependencies": {
    "@types/glob": "^8.1.0",
    "@types/minimatch": "^5.1.2",
    "@typescript-eslint/eslint-plugin": "^5.12.0",
    "@typescript-eslint/parser": "^5.12.0",
    "eslint": "^8.9.0",
    "eslint-config-google": "^0.14.0",
    "eslint-plugin-import": "^2.25.4",
    "firebase-functions-test": "^3.1.0",
    "typescript": "^4.9.0"
  },
  "private": true
}
[debug] [2024-08-16T22:19:47.780Z] Building nodejs source
[info] i  functions: Loading and analyzing source code for codebase default to determine what to deploy 
[debug] [2024-08-16T22:19:47.782Z] Could not find functions.yaml. Must use http discovery
[debug] [2024-08-16T22:19:47.788Z] Found firebase-functions binary at '/Users/dillonlara/Sites/outpost_leads_remix/functions/node_modules/.bin/firebase-functions'
[info] Serving at port 8674

[debug] [2024-08-16T22:19:48.072Z] Got response from /__/functions.yaml {"endpoints":{"api":{"platform":"gcfv1","availableMemoryMb":null,"timeoutSeconds":null,"minInstances":null,"maxInstances":null,"ingressSettings":null,"serviceAccountEmail":null,"vpc":null,"httpsTrigger":{},"entryPoint":"api"}},"specVersion":"v1alpha1","requiredAPIs":[]}
[info] i  functions: preparing functions directory for uploading... 
[info] i  functions: packaged /Users/dillonlara/Sites/outpost_leads_remix/functions (98.64 KB) for uploading 
[debug] [2024-08-16T22:19:53.113Z] >>> [apiv2][query] GET https://cloudfunctions.googleapis.com/v1/projects/outpostleads-8d880/locations/-/functions [none]
[debug] [2024-08-16T22:19:53.676Z] <<< [apiv2][status] GET https://cloudfunctions.googleapis.com/v1/projects/outpostleads-8d880/locations/-/functions 200
[debug] [2024-08-16T22:19:53.676Z] <<< [apiv2][body] GET https://cloudfunctions.googleapis.com/v1/projects/outpostleads-8d880/locations/-/functions {"functions":[{"name":"projects/outpostleads-8d880/locations/us-central1/functions/api","httpsTrigger":{"url":"https://us-central1-outpostleads-8d880.cloudfunctions.net/api","securityLevel":"SECURE_ALWAYS"},"status":"ACTIVE","entryPoint":"api","timeout":"60s","availableMemoryMb":256,"serviceAccountEmail":"outpostleads-8d880@appspot.gserviceaccount.com","updateTime":"2024-08-16T22:11:43.509Z","versionId":"17","labels":{"deployment-tool":"cli-firebase","firebase-functions-hash":"c03e9bd6d2c5fad09c0078031fb16121b0d6ad9e"},"sourceUploadUrl":"https://storage.googleapis.com/uploads-708838173867.us-central1.cloudfunctions.appspot.com/e0949103-7e42-4d09-8996-eb4a2f8cdc15.zip","environmentVariables":{"API_KEY":"ZjY0NTc2Y2M4MmE0NDI4ZjkyMTNkOWI4NzEzNDJlZGF8MGVkMjM0ZmM1ZQ","OL_FIREBASE_TYPE":"service_account","OL_FIREBASE_PROJECT_ID":"outpostleads-8d880","OL_FIREBASE_PRIVATE_KEY_ID":"3e679e7c3527f100e78a520a4435018e9cb151b8","OL_FIREBASE_PRIVATE_KEY":"\"-----BEGIN PRIVATE KEY-----\\nMIIEvgIBADANBgkqhkiG9w0BAQEFAASCBKgwggSkAgEAAoIBAQDXG5dFseUiXZQR\\nPwZpMnqhjaSeY9Yqexu8qO5gTqttJEAhvYbCel/HvYSfMfZpZf8bJEaqET5ilRgw\\nsgo0GVqmXN4SgLkQQK2xa8oj0luHaWDBwTTChE0JNWS8ICI0uDZy8kX+A885ucP2\\nrdIxAIWF0Pw7knenq6k7SxiN5vqVdDqEInhQ6kaYYMyEhSAcj3A4U+bS6oKFZwZR\\ntPiD3J6h+096wXLkoszZI1S2OxtAenacttfigvKY8ajnF3wpo3Ic9zJqEzD4oldm\\nVlE51dK4n1f7S90tGvkIzNSCszM76LfSDtG9+UUe3esuvc3ax0sKekkZHhSPVhnI\\nwV3Gy3IvAgMBAAECggEADPLLO1XHDjeF1zftAd4ZBaqKE0K9PJdmhwfAOanipdI9\\nzgojl4dYRqTA2/hc9eE+5vpbCpe5IqQI7b154cL48vS6JXD8Mt9B1WFArMFX4yHT\\nwjYIIAFoxboiEzT3+iZwmKC+19iQ28+z3SB/e5Wlc/WtiUR60WwC5t/RXZFe2iol\\nquYc5yzw1JUCMYCRwN535WYvkk/RjzYikZJBwoQXYYjOuLSgg4WMzVsG40LixDp/\\ngKjZNhMtgr3HdJm+PvxngeDmNdEW1Oe8GkrqJMSdq4r/j9yabtG2NLjs5FOwB/7F\\nqULV26+Xx67hF/yvc8mlPNt/wD4Tu4mFbsRvKSlVaQKBgQDy2gpGfsMiUgQ2puqb\\nD1U/2SHyyma/UmsvZBhUrSZX3OISuS1kWQ3LP5XIt7ALUzT99J1OdkwJW/ztf2fx\\neR74EgHCpMfb5QXtYBLzzftVxfGdGHf3wFPGqApUbucb5pxdOsnzdIRW1mZlgNVT\\nE7DhHTXaLGbaVitDoIniy86u9QKBgQDiwQQGphnnPgBCHxhk5svzxWUnuFjxJBQP\\nA58mONa6sRl69F3K6vg0nHvx/Hs6CNVa3GFQ6BGPXhjdQQ/aEgIkG2o8p2ylFtGg\\nE/RMPtV2g2jv+h0CupMWL8Hw+Tf71uagBgIFg0+3oDks2bmIsuZTs3cjuzbOqC54\\n8/yxUkzeEwKBgQDs0qCOmnNkdqLRQPkr+UnjF7W5dJO6I3+PGYd4m9n2eNql85tG\\nbmm7OOiych7lDGFy/iahK09/GQuP91y/6KPAup6o19RmpfKfx77zrn1Y6c1yqzfi\\njNWltp1MNVJ+rObzK69hENE1daMpfPeLKnqlLL0lY4Nxi/Jo4pdUaffGOQKBgFqZ\\nNguWCBl9i0rf87Y1BN5ES1Ngc6D9gkoxb0AtS5ZSNlULGAKAeWVD9L3N3EpmxyBD\\nl1plLsbymMqmOTgvI83bakoLtvwLLvxfnKduH4n3nVDsxPSXKTefI0UtvjGQPptH\\naz1apto+WTnTUC8PE7nzpbGQFqjhR5gqHBeZQ38jAoGBAKnARSZoTM56dnBMzGCW\\nHXhsXQ1lHYEtAp8mvhIape/tfCK+5CbJpEy2gqyMhA2hbmU5dRY0Nd9kvJbvExAF\\nHN9Efx1/w6JE/la425DkdMnVwwbaYy7X77NCXHzrFcB7TOsPmr7ot5K8yrGnJwSF\\nxO/qqWZtQSkSdN6sADvY7uBT\\n-----END PRIVATE KEY-----\\n\",","OL_FIREBASE_CLIENT_EMAIL":"firebase-adminsdk-9yuwk@outpostleads-8d880.iam.gserviceaccount.com","OL_FIREBASE_CLIENT_ID":"100332630833211087701","OL_FIREBASE_AUTH_URI":"https://accounts.google.com/o/oauth2/auth","OL_FIREBASE_TOKEN_URI":"https://oauth2.googleapis.com/token","OL_FIREBASE_AUTH_PROVIDER_X509_CERT_URL":"https://www.googleapis.com/oauth2/v1/certs","OL_FIREBASE_CLIENT_X509_CERT_URL":"https://www.googleapis.com/robot/v1/metadata/x509/firebase-adminsdk-9yuwk%40outpostleads-8d880.iam.gserviceaccount.com","REACT_APP_API_TIMEOUT":"5000","FIREBASE_CONFIG":"{\"projectId\":\"outpostleads-8d880\",\"storageBucket\":\"outpostleads-8d880.appspot.com\"}","GCLOUD_PROJECT":"outpostleads-8d880","EVENTARC_CLOUD_EVENT_SOURCE":"projects/outpostleads-8d880/locations/us-central1/functions/api"},"runtime":"nodejs18","ingressSettings":"ALLOW_ALL","buildId":"da1d986e-ef95-4ac4-98c1-8dd03c5a80a1","buildEnvironmentVariables":{"GOOGLE_NODE_RUN_SCRIPTS":""},"buildName":"projects/283284414407/locations/us-central1/builds/da1d986e-ef95-4ac4-98c1-8dd03c5a80a1","dockerRegistry":"ARTIFACT_REGISTRY","automaticUpdatePolicy":{},"buildServiceAccount":"283284414407-compute@developer.gserviceaccount.com"}]}
[debug] [2024-08-16T22:19:53.679Z] >>> [apiv2][query] GET https://cloudfunctions.googleapis.com/v2/projects/outpostleads-8d880/locations/-/functions filter=environment%3D%22GEN_2%22
[debug] [2024-08-16T22:19:54.062Z] <<< [apiv2][status] GET https://cloudfunctions.googleapis.com/v2/projects/outpostleads-8d880/locations/-/functions 200
[debug] [2024-08-16T22:19:54.063Z] <<< [apiv2][body] GET https://cloudfunctions.googleapis.com/v2/projects/outpostleads-8d880/locations/-/functions {}
[debug] [2024-08-16T22:19:54.068Z] >>> [apiv2][query] GET https://firebase.googleapis.com/v1beta1/projects/outpostleads-8d880 [none]
[debug] [2024-08-16T22:19:54.287Z] <<< [apiv2][status] GET https://firebase.googleapis.com/v1beta1/projects/outpostleads-8d880 200
[debug] [2024-08-16T22:19:54.287Z] <<< [apiv2][body] GET https://firebase.googleapis.com/v1beta1/projects/outpostleads-8d880 {"projectId":"outpostleads-8d880","projectNumber":"283284414407","displayName":"outpostleads","name":"projects/outpostleads-8d880","resources":{"hostingSite":"outpostleads-8d880"},"state":"ACTIVE","etag":"1_2ad7fd54-e7ee-4dfa-b41e-d35b142f38c0"}
[debug] [2024-08-16T22:19:54.289Z] >>> [apiv2][query] POST https://cloudfunctions.googleapis.com/v1/projects/outpostleads-8d880/locations/us-central1/functions:generateUploadUrl [none]
[debug] [2024-08-16T22:19:54.289Z] >>> [apiv2][body] POST https://cloudfunctions.googleapis.com/v1/projects/outpostleads-8d880/locations/us-central1/functions:generateUploadUrl {}
[debug] [2024-08-16T22:19:54.798Z] <<< [apiv2][status] POST https://cloudfunctions.googleapis.com/v1/projects/outpostleads-8d880/locations/us-central1/functions:generateUploadUrl 200
[debug] [2024-08-16T22:19:54.799Z] <<< [apiv2][body] POST https://cloudfunctions.googleapis.com/v1/projects/outpostleads-8d880/locations/us-central1/functions:generateUploadUrl {"uploadUrl":"https://storage.googleapis.com/uploads-708838173867.us-central1.cloudfunctions.appspot.com/f7e9fdff-e9ac-40c7-a041-0c015de19235.zip?GoogleAccessId=service-283284414407@gcf-admin-robot.iam.gserviceaccount.com&Expires=1723848594&Signature=XCu%2FSqQ5u8urFqWjVUwEEisaI8fO5WVm1L6EionnmscyBIdDxxA567xyQceIxBrMWjZJr15IClL6Zwq7DxRgLQ7VauCudDE3GKbFpa9MRxyzM1sNToyfn5PNalA4y8n%2Bc4GUGUqSwJKOAk2BxGwxTZlhyrb0RlY6cLcPHJ0husuxay0EK6sj0It9Jz9fJ8mme4Lu5G%2FOwCoBjpvDMBdyPGe%2BEOEEZ0Ym1U06I5p8ntKf11hhoh9cK7khm2j4BcKuvcMeg6%2BrX5y8hlZpUlkB1lwSc3sczUoAuuOZHQil59oi9HSzfcZwLidel3u9BSGUuV6kdOS039%2B%2F22NP9KT9Aw%3D%3D"}
[debug] [2024-08-16T22:19:54.801Z] >>> [apiv2][query] PUT https://storage.googleapis.com/uploads-708838173867.us-central1.cloudfunctions.appspot.com/f7e9fdff-e9ac-40c7-a041-0c015de19235.zip GoogleAccessId=service-283284414407%40gcf-admin-robot.iam.gserviceaccount.com&Expires=1723848594&Signature=XCu%2FSqQ5u8urFqWjVUwEEisaI8fO5WVm1L6EionnmscyBIdDxxA567xyQceIxBrMWjZJr15IClL6Zwq7DxRgLQ7VauCudDE3GKbFpa9MRxyzM1sNToyfn5PNalA4y8n%2Bc4GUGUqSwJKOAk2BxGwxTZlhyrb0RlY6cLcPHJ0husuxay0EK6sj0It9Jz9fJ8mme4Lu5G%2FOwCoBjpvDMBdyPGe%2BEOEEZ0Ym1U06I5p8ntKf11hhoh9cK7khm2j4BcKuvcMeg6%2BrX5y8hlZpUlkB1lwSc3sczUoAuuOZHQil59oi9HSzfcZwLidel3u9BSGUuV6kdOS039%2B%2F22NP9KT9Aw%3D%3D
[debug] [2024-08-16T22:19:54.801Z] >>> [apiv2][body] PUT https://storage.googleapis.com/uploads-708838173867.us-central1.cloudfunctions.appspot.com/f7e9fdff-e9ac-40c7-a041-0c015de19235.zip [stream]
[debug] [2024-08-16T22:19:55.055Z] <<< [apiv2][status] PUT https://storage.googleapis.com/uploads-708838173867.us-central1.cloudfunctions.appspot.com/f7e9fdff-e9ac-40c7-a041-0c015de19235.zip 200
[debug] [2024-08-16T22:19:55.055Z] <<< [apiv2][body] PUT https://storage.googleapis.com/uploads-708838173867.us-central1.cloudfunctions.appspot.com/f7e9fdff-e9ac-40c7-a041-0c015de19235.zip [omitted]
[info] ✔  functions: functions folder uploaded successfully 
[info] i  functions: updating Node.js 18 (1st Gen) function api(us-central1)... 
[debug] [2024-08-16T22:19:55.062Z] >>> [apiv2][query] PATCH https://cloudfunctions.googleapis.com/v1/projects/outpostleads-8d880/locations/us-central1/functions/api updateMask=name%2CsourceUploadUrl%2CentryPoint%2Cruntime%2CdockerRegistry%2Clabels%2ChttpsTrigger.securityLevel%2CminInstances%2CmaxInstances%2CingressSettings%2CenvironmentVariables%2CserviceAccountEmail%2CavailableMemoryMb%2Ctimeout%2CvpcConnector%2CvpcConnectorEgressSettings%2CsourceToken%2CbuildEnvironmentVariables
[debug] [2024-08-16T22:19:55.063Z] >>> [apiv2][body] PATCH https://cloudfunctions.googleapis.com/v1/projects/outpostleads-8d880/locations/us-central1/functions/api {"name":"projects/outpostleads-8d880/locations/us-central1/functions/api","sourceUploadUrl":"https://storage.googleapis.com/uploads-708838173867.us-central1.cloudfunctions.appspot.com/f7e9fdff-e9ac-40c7-a041-0c015de19235.zip?GoogleAccessId=service-283284414407@gcf-admin-robot.iam.gserviceaccount.com&Expires=1723848594&Signature=XCu%2FSqQ5u8urFqWjVUwEEisaI8fO5WVm1L6EionnmscyBIdDxxA567xyQceIxBrMWjZJr15IClL6Zwq7DxRgLQ7VauCudDE3GKbFpa9MRxyzM1sNToyfn5PNalA4y8n%2Bc4GUGUqSwJKOAk2BxGwxTZlhyrb0RlY6cLcPHJ0husuxay0EK6sj0It9Jz9fJ8mme4Lu5G%2FOwCoBjpvDMBdyPGe%2BEOEEZ0Ym1U06I5p8ntKf11hhoh9cK7khm2j4BcKuvcMeg6%2BrX5y8hlZpUlkB1lwSc3sczUoAuuOZHQil59oi9HSzfcZwLidel3u9BSGUuV6kdOS039%2B%2F22NP9KT9Aw%3D%3D","entryPoint":"api","runtime":"nodejs18","dockerRegistry":"ARTIFACT_REGISTRY","labels":{"deployment-tool":"cli-firebase","firebase-functions-hash":"9ee4bba88390edf84e883da8f3bd9034a49f00fc"},"httpsTrigger":{"securityLevel":"SECURE_ALWAYS"},"minInstances":null,"maxInstances":null,"ingressSettings":null,"environmentVariables":{"API_KEY":"ZjY0NTc2Y2M4MmE0NDI4ZjkyMTNkOWI4NzEzNDJlZGF8MGVkMjM0ZmM1ZQ","OL_FIREBASE_TYPE":"service_account","OL_FIREBASE_PROJECT_ID":"outpostleads-8d880","OL_FIREBASE_PRIVATE_KEY_ID":"3e679e7c3527f100e78a520a4435018e9cb151b8","OL_FIREBASE_PRIVATE_KEY":"\"-----BEGIN PRIVATE KEY-----\\nMIIEvgIBADANBgkqhkiG9w0BAQEFAASCBKgwggSkAgEAAoIBAQDXG5dFseUiXZQR\\nPwZpMnqhjaSeY9Yqexu8qO5gTqttJEAhvYbCel/HvYSfMfZpZf8bJEaqET5ilRgw\\nsgo0GVqmXN4SgLkQQK2xa8oj0luHaWDBwTTChE0JNWS8ICI0uDZy8kX+A885ucP2\\nrdIxAIWF0Pw7knenq6k7SxiN5vqVdDqEInhQ6kaYYMyEhSAcj3A4U+bS6oKFZwZR\\ntPiD3J6h+096wXLkoszZI1S2OxtAenacttfigvKY8ajnF3wpo3Ic9zJqEzD4oldm\\nVlE51dK4n1f7S90tGvkIzNSCszM76LfSDtG9+UUe3esuvc3ax0sKekkZHhSPVhnI\\nwV3Gy3IvAgMBAAECggEADPLLO1XHDjeF1zftAd4ZBaqKE0K9PJdmhwfAOanipdI9\\nzgojl4dYRqTA2/hc9eE+5vpbCpe5IqQI7b154cL48vS6JXD8Mt9B1WFArMFX4yHT\\nwjYIIAFoxboiEzT3+iZwmKC+19iQ28+z3SB/e5Wlc/WtiUR60WwC5t/RXZFe2iol\\nquYc5yzw1JUCMYCRwN535WYvkk/RjzYikZJBwoQXYYjOuLSgg4WMzVsG40LixDp/\\ngKjZNhMtgr3HdJm+PvxngeDmNdEW1Oe8GkrqJMSdq4r/j9yabtG2NLjs5FOwB/7F\\nqULV26+Xx67hF/yvc8mlPNt/wD4Tu4mFbsRvKSlVaQKBgQDy2gpGfsMiUgQ2puqb\\nD1U/2SHyyma/UmsvZBhUrSZX3OISuS1kWQ3LP5XIt7ALUzT99J1OdkwJW/ztf2fx\\neR74EgHCpMfb5QXtYBLzzftVxfGdGHf3wFPGqApUbucb5pxdOsnzdIRW1mZlgNVT\\nE7DhHTXaLGbaVitDoIniy86u9QKBgQDiwQQGphnnPgBCHxhk5svzxWUnuFjxJBQP\\nA58mONa6sRl69F3K6vg0nHvx/Hs6CNVa3GFQ6BGPXhjdQQ/aEgIkG2o8p2ylFtGg\\nE/RMPtV2g2jv+h0CupMWL8Hw+Tf71uagBgIFg0+3oDks2bmIsuZTs3cjuzbOqC54\\n8/yxUkzeEwKBgQDs0qCOmnNkdqLRQPkr+UnjF7W5dJO6I3+PGYd4m9n2eNql85tG\\nbmm7OOiych7lDGFy/iahK09/GQuP91y/6KPAup6o19RmpfKfx77zrn1Y6c1yqzfi\\njNWltp1MNVJ+rObzK69hENE1daMpfPeLKnqlLL0lY4Nxi/Jo4pdUaffGOQKBgFqZ\\nNguWCBl9i0rf87Y1BN5ES1Ngc6D9gkoxb0AtS5ZSNlULGAKAeWVD9L3N3EpmxyBD\\nl1plLsbymMqmOTgvI83bakoLtvwLLvxfnKduH4n3nVDsxPSXKTefI0UtvjGQPptH\\naz1apto+WTnTUC8PE7nzpbGQFqjhR5gqHBeZQ38jAoGBAKnARSZoTM56dnBMzGCW\\nHXhsXQ1lHYEtAp8mvhIape/tfCK+5CbJpEy2gqyMhA2hbmU5dRY0Nd9kvJbvExAF\\nHN9Efx1/w6JE/la425DkdMnVwwbaYy7X77NCXHzrFcB7TOsPmr7ot5K8yrGnJwSF\\nxO/qqWZtQSkSdN6sADvY7uBT\\n-----END PRIVATE KEY-----\\n\",","OL_FIREBASE_CLIENT_EMAIL":"firebase-adminsdk-9yuwk@outpostleads-8d880.iam.gserviceaccount.com","OL_FIREBASE_CLIENT_ID":"100332630833211087701","OL_FIREBASE_AUTH_URI":"https://accounts.google.com/o/oauth2/auth","OL_FIREBASE_TOKEN_URI":"https://oauth2.googleapis.com/token","OL_FIREBASE_AUTH_PROVIDER_X509_CERT_URL":"https://www.googleapis.com/oauth2/v1/certs","OL_FIREBASE_CLIENT_X509_CERT_URL":"https://www.googleapis.com/robot/v1/metadata/x509/firebase-adminsdk-9yuwk%40outpostleads-8d880.iam.gserviceaccount.com","REACT_APP_API_TIMEOUT":"5000","FIREBASE_CONFIG":"{\"projectId\":\"outpostleads-8d880\",\"storageBucket\":\"outpostleads-8d880.appspot.com\"}","GCLOUD_PROJECT":"outpostleads-8d880","EVENTARC_CLOUD_EVENT_SOURCE":"projects/outpostleads-8d880/locations/us-central1/functions/api"},"serviceAccountEmail":null,"availableMemoryMb":null,"timeout":null,"vpcConnector":null,"vpcConnectorEgressSettings":null,"buildEnvironmentVariables":{"GOOGLE_NODE_RUN_SCRIPTS":""}}
[debug] [2024-08-16T22:19:55.424Z] <<< [apiv2][status] PATCH https://cloudfunctions.googleapis.com/v1/projects/outpostleads-8d880/locations/us-central1/functions/api 200
[debug] [2024-08-16T22:19:55.425Z] <<< [apiv2][body] PATCH https://cloudfunctions.googleapis.com/v1/projects/outpostleads-8d880/locations/us-central1/functions/api {"name":"operations/b3V0cG9zdGxlYWRzLThkODgwL3VzLWNlbnRyYWwxL2FwaS9WSFE5d2VQenRrSQ","metadata":{"@type":"type.googleapis.com/google.cloud.functions.v1.OperationMetadataV1","target":"projects/outpostleads-8d880/locations/us-central1/functions/api","type":"UPDATE_FUNCTION","request":{"@type":"type.googleapis.com/google.cloud.functions.v1.CloudFunction","name":"projects/outpostleads-8d880/locations/us-central1/functions/api","httpsTrigger":{"url":"https://us-central1-outpostleads-8d880.cloudfunctions.net/api","securityLevel":"SECURE_ALWAYS"},"status":"ACTIVE","entryPoint":"api","updateTime":"2024-08-16T22:11:43.509Z","versionId":"17","labels":{"deployment-tool":"cli-firebase","firebase-functions-hash":"9ee4bba88390edf84e883da8f3bd9034a49f00fc"},"sourceUploadUrl":"https://storage.googleapis.com/uploads-708838173867.us-central1.cloudfunctions.appspot.com/f7e9fdff-e9ac-40c7-a041-0c015de19235.zip?GoogleAccessId=service-283284414407@gcf-admin-robot.iam.gserviceaccount.com&Expires=1723848594&Signature=XCu%2FSqQ5u8urFqWjVUwEEisaI8fO5WVm1L6EionnmscyBIdDxxA567xyQceIxBrMWjZJr15IClL6Zwq7DxRgLQ7VauCudDE3GKbFpa9MRxyzM1sNToyfn5PNalA4y8n%2Bc4GUGUqSwJKOAk2BxGwxTZlhyrb0RlY6cLcPHJ0husuxay0EK6sj0It9Jz9fJ8mme4Lu5G%2FOwCoBjpvDMBdyPGe%2BEOEEZ0Ym1U06I5p8ntKf11hhoh9cK7khm2j4BcKuvcMeg6%2BrX5y8hlZpUlkB1lwSc3sczUoAuuOZHQil59oi9HSzfcZwLidel3u9BSGUuV6kdOS039%2B%2F22NP9KT9Aw%3D%3D","environmentVariables":{"API_KEY":"ZjY0NTc2Y2M4MmE0NDI4ZjkyMTNkOWI4NzEzNDJlZGF8MGVkMjM0ZmM1ZQ","OL_FIREBASE_TYPE":"service_account","OL_FIREBASE_PROJECT_ID":"outpostleads-8d880","OL_FIREBASE_PRIVATE_KEY_ID":"3e679e7c3527f100e78a520a4435018e9cb151b8","OL_FIREBASE_PRIVATE_KEY":"\"-----BEGIN PRIVATE KEY-----\\nMIIEvgIBADANBgkqhkiG9w0BAQEFAASCBKgwggSkAgEAAoIBAQDXG5dFseUiXZQR\\nPwZpMnqhjaSeY9Yqexu8qO5gTqttJEAhvYbCel/HvYSfMfZpZf8bJEaqET5ilRgw\\nsgo0GVqmXN4SgLkQQK2xa8oj0luHaWDBwTTChE0JNWS8ICI0uDZy8kX+A885ucP2\\nrdIxAIWF0Pw7knenq6k7SxiN5vqVdDqEInhQ6kaYYMyEhSAcj3A4U+bS6oKFZwZR\\ntPiD3J6h+096wXLkoszZI1S2OxtAenacttfigvKY8ajnF3wpo3Ic9zJqEzD4oldm\\nVlE51dK4n1f7S90tGvkIzNSCszM76LfSDtG9+UUe3esuvc3ax0sKekkZHhSPVhnI\\nwV3Gy3IvAgMBAAECggEADPLLO1XHDjeF1zftAd4ZBaqKE0K9PJdmhwfAOanipdI9\\nzgojl4dYRqTA2/hc9eE+5vpbCpe5IqQI7b154cL48vS6JXD8Mt9B1WFArMFX4yHT\\nwjYIIAFoxboiEzT3+iZwmKC+19iQ28+z3SB/e5Wlc/WtiUR60WwC5t/RXZFe2iol\\nquYc5yzw1JUCMYCRwN535WYvkk/RjzYikZJBwoQXYYjOuLSgg4WMzVsG40LixDp/\\ngKjZNhMtgr3HdJm+PvxngeDmNdEW1Oe8GkrqJMSdq4r/j9yabtG2NLjs5FOwB/7F\\nqULV26+Xx67hF/yvc8mlPNt/wD4Tu4mFbsRvKSlVaQKBgQDy2gpGfsMiUgQ2puqb\\nD1U/2SHyyma/UmsvZBhUrSZX3OISuS1kWQ3LP5XIt7ALUzT99J1OdkwJW/ztf2fx\\neR74EgHCpMfb5QXtYBLzzftVxfGdGHf3wFPGqApUbucb5pxdOsnzdIRW1mZlgNVT\\nE7DhHTXaLGbaVitDoIniy86u9QKBgQDiwQQGphnnPgBCHxhk5svzxWUnuFjxJBQP\\nA58mONa6sRl69F3K6vg0nHvx/Hs6CNVa3GFQ6BGPXhjdQQ/aEgIkG2o8p2ylFtGg\\nE/RMPtV2g2jv+h0CupMWL8Hw+Tf71uagBgIFg0+3oDks2bmIsuZTs3cjuzbOqC54\\n8/yxUkzeEwKBgQDs0qCOmnNkdqLRQPkr+UnjF7W5dJO6I3+PGYd4m9n2eNql85tG\\nbmm7OOiych7lDGFy/iahK09/GQuP91y/6KPAup6o19RmpfKfx77zrn1Y6c1yqzfi\\njNWltp1MNVJ+rObzK69hENE1daMpfPeLKnqlLL0lY4Nxi/Jo4pdUaffGOQKBgFqZ\\nNguWCBl9i0rf87Y1BN5ES1Ngc6D9gkoxb0AtS5ZSNlULGAKAeWVD9L3N3EpmxyBD\\nl1plLsbymMqmOTgvI83bakoLtvwLLvxfnKduH4n3nVDsxPSXKTefI0UtvjGQPptH\\naz1apto+WTnTUC8PE7nzpbGQFqjhR5gqHBeZQ38jAoGBAKnARSZoTM56dnBMzGCW\\nHXhsXQ1lHYEtAp8mvhIape/tfCK+5CbJpEy2gqyMhA2hbmU5dRY0Nd9kvJbvExAF\\nHN9Efx1/w6JE/la425DkdMnVwwbaYy7X77NCXHzrFcB7TOsPmr7ot5K8yrGnJwSF\\nxO/qqWZtQSkSdN6sADvY7uBT\\n-----END PRIVATE KEY-----\\n\",","OL_FIREBASE_CLIENT_EMAIL":"firebase-adminsdk-9yuwk@outpostleads-8d880.iam.gserviceaccount.com","OL_FIREBASE_CLIENT_ID":"100332630833211087701","OL_FIREBASE_AUTH_URI":"https://accounts.google.com/o/oauth2/auth","OL_FIREBASE_TOKEN_URI":"https://oauth2.googleapis.com/token","OL_FIREBASE_AUTH_PROVIDER_X509_CERT_URL":"https://www.googleapis.com/oauth2/v1/certs","OL_FIREBASE_CLIENT_X509_CERT_URL":"https://www.googleapis.com/robot/v1/metadata/x509/firebase-adminsdk-9yuwk%40outpostleads-8d880.iam.gserviceaccount.com","REACT_APP_API_TIMEOUT":"5000","FIREBASE_CONFIG":"{\"projectId\":\"outpostleads-8d880\",\"storageBucket\":\"outpostleads-8d880.appspot.com\"}","GCLOUD_PROJECT":"outpostleads-8d880","EVENTARC_CLOUD_EVENT_SOURCE":"projects/outpostleads-8d880/locations/us-central1/functions/api"},"runtime":"nodejs18","buildId":"da1d986e-ef95-4ac4-98c1-8dd03c5a80a1","buildEnvironmentVariables":{"GOOGLE_NODE_RUN_SCRIPTS":""},"buildName":"projects/283284414407/locations/us-central1/builds/da1d986e-ef95-4ac4-98c1-8dd03c5a80a1","dockerRegistry":"ARTIFACT_REGISTRY","automaticUpdatePolicy":{},"buildServiceAccount":"283284414407-compute@developer.gserviceaccount.com"},"versionId":"18","updateTime":"2024-08-16T22:19:55Z"}}
[debug] [2024-08-16T22:19:55.426Z] >>> [apiv2][query] GET https://cloudfunctions.googleapis.com/v1/operations/b3V0cG9zdGxlYWRzLThkODgwL3VzLWNlbnRyYWwxL2FwaS9WSFE5d2VQenRrSQ [none]
[debug] [2024-08-16T22:19:55.520Z] <<< [apiv2][status] GET https://cloudfunctions.googleapis.com/v1/operations/b3V0cG9zdGxlYWRzLThkODgwL3VzLWNlbnRyYWwxL2FwaS9WSFE5d2VQenRrSQ 200
[debug] [2024-08-16T22:19:55.520Z] <<< [apiv2][body] GET https://cloudfunctions.googleapis.com/v1/operations/b3V0cG9zdGxlYWRzLThkODgwL3VzLWNlbnRyYWwxL2FwaS9WSFE5d2VQenRrSQ {"name":"operations/b3V0cG9zdGxlYWRzLThkODgwL3VzLWNlbnRyYWwxL2FwaS9WSFE5d2VQenRrSQ","metadata":{"@type":"type.googleapis.com/google.cloud.functions.v1.OperationMetadataV1","target":"projects/outpostleads-8d880/locations/us-central1/functions/api","type":"UPDATE_FUNCTION","request":{"@type":"type.googleapis.com/google.cloud.functions.v1.CloudFunction","name":"projects/outpostleads-8d880/locations/us-central1/functions/api","httpsTrigger":{"url":"https://us-central1-outpostleads-8d880.cloudfunctions.net/api","securityLevel":"SECURE_ALWAYS"},"status":"ACTIVE","entryPoint":"api","updateTime":"2024-08-16T22:11:43.509Z","versionId":"17","labels":{"deployment-tool":"cli-firebase","firebase-functions-hash":"9ee4bba88390edf84e883da8f3bd9034a49f00fc"},"sourceUploadUrl":"https://storage.googleapis.com/uploads-708838173867.us-central1.cloudfunctions.appspot.com/f7e9fdff-e9ac-40c7-a041-0c015de19235.zip?GoogleAccessId=service-283284414407@gcf-admin-robot.iam.gserviceaccount.com&Expires=1723848594&Signature=XCu%2FSqQ5u8urFqWjVUwEEisaI8fO5WVm1L6EionnmscyBIdDxxA567xyQceIxBrMWjZJr15IClL6Zwq7DxRgLQ7VauCudDE3GKbFpa9MRxyzM1sNToyfn5PNalA4y8n%2Bc4GUGUqSwJKOAk2BxGwxTZlhyrb0RlY6cLcPHJ0husuxay0EK6sj0It9Jz9fJ8mme4Lu5G%2FOwCoBjpvDMBdyPGe%2BEOEEZ0Ym1U06I5p8ntKf11hhoh9cK7khm2j4BcKuvcMeg6%2BrX5y8hlZpUlkB1lwSc3sczUoAuuOZHQil59oi9HSzfcZwLidel3u9BSGUuV6kdOS039%2B%2F22NP9KT9Aw%3D%3D","environmentVariables":{"API_KEY":"ZjY0NTc2Y2M4MmE0NDI4ZjkyMTNkOWI4NzEzNDJlZGF8MGVkMjM0ZmM1ZQ","OL_FIREBASE_TYPE":"service_account","OL_FIREBASE_PROJECT_ID":"outpostleads-8d880","OL_FIREBASE_PRIVATE_KEY_ID":"3e679e7c3527f100e78a520a4435018e9cb151b8","OL_FIREBASE_PRIVATE_KEY":"\"-----BEGIN PRIVATE KEY-----\\nMIIEvgIBADANBgkqhkiG9w0BAQEFAASCBKgwggSkAgEAAoIBAQDXG5dFseUiXZQR\\nPwZpMnqhjaSeY9Yqexu8qO5gTqttJEAhvYbCel/HvYSfMfZpZf8bJEaqET5ilRgw\\nsgo0GVqmXN4SgLkQQK2xa8oj0luHaWDBwTTChE0JNWS8ICI0uDZy8kX+A885ucP2\\nrdIxAIWF0Pw7knenq6k7SxiN5vqVdDqEInhQ6kaYYMyEhSAcj3A4U+bS6oKFZwZR\\ntPiD3J6h+096wXLkoszZI1S2OxtAenacttfigvKY8ajnF3wpo3Ic9zJqEzD4oldm\\nVlE51dK4n1f7S90tGvkIzNSCszM76LfSDtG9+UUe3esuvc3ax0sKekkZHhSPVhnI\\nwV3Gy3IvAgMBAAECggEADPLLO1XHDjeF1zftAd4ZBaqKE0K9PJdmhwfAOanipdI9\\nzgojl4dYRqTA2/hc9eE+5vpbCpe5IqQI7b154cL48vS6JXD8Mt9B1WFArMFX4yHT\\nwjYIIAFoxboiEzT3+iZwmKC+19iQ28+z3SB/e5Wlc/WtiUR60WwC5t/RXZFe2iol\\nquYc5yzw1JUCMYCRwN535WYvkk/RjzYikZJBwoQXYYjOuLSgg4WMzVsG40LixDp/\\ngKjZNhMtgr3HdJm+PvxngeDmNdEW1Oe8GkrqJMSdq4r/j9yabtG2NLjs5FOwB/7F\\nqULV26+Xx67hF/yvc8mlPNt/wD4Tu4mFbsRvKSlVaQKBgQDy2gpGfsMiUgQ2puqb\\nD1U/2SHyyma/UmsvZBhUrSZX3OISuS1kWQ3LP5XIt7ALUzT99J1OdkwJW/ztf2fx\\neR74EgHCpMfb5QXtYBLzzftVxfGdGHf3wFPGqApUbucb5pxdOsnzdIRW1mZlgNVT\\nE7DhHTXaLGbaVitDoIniy86u9QKBgQDiwQQGphnnPgBCHxhk5svzxWUnuFjxJBQP\\nA58mONa6sRl69F3K6vg0nHvx/Hs6CNVa3GFQ6BGPXhjdQQ/aEgIkG2o8p2ylFtGg\\nE/RMPtV2g2jv+h0CupMWL8Hw+Tf71uagBgIFg0+3oDks2bmIsuZTs3cjuzbOqC54\\n8/yxUkzeEwKBgQDs0qCOmnNkdqLRQPkr+UnjF7W5dJO6I3+PGYd4m9n2eNql85tG\\nbmm7OOiych7lDGFy/iahK09/GQuP91y/6KPAup6o19RmpfKfx77zrn1Y6c1yqzfi\\njNWltp1MNVJ+rObzK69hENE1daMpfPeLKnqlLL0lY4Nxi/Jo4pdUaffGOQKBgFqZ\\nNguWCBl9i0rf87Y1BN5ES1Ngc6D9gkoxb0AtS5ZSNlULGAKAeWVD9L3N3EpmxyBD\\nl1plLsbymMqmOTgvI83bakoLtvwLLvxfnKduH4n3nVDsxPSXKTefI0UtvjGQPptH\\naz1apto+WTnTUC8PE7nzpbGQFqjhR5gqHBeZQ38jAoGBAKnARSZoTM56dnBMzGCW\\nHXhsXQ1lHYEtAp8mvhIape/tfCK+5CbJpEy2gqyMhA2hbmU5dRY0Nd9kvJbvExAF\\nHN9Efx1/w6JE/la425DkdMnVwwbaYy7X77NCXHzrFcB7TOsPmr7ot5K8yrGnJwSF\\nxO/qqWZtQSkSdN6sADvY7uBT\\n-----END PRIVATE KEY-----\\n\",","OL_FIREBASE_CLIENT_EMAIL":"firebase-adminsdk-9yuwk@outpostleads-8d880.iam.gserviceaccount.com","OL_FIREBASE_CLIENT_ID":"100332630833211087701","OL_FIREBASE_AUTH_URI":"https://accounts.google.com/o/oauth2/auth","OL_FIREBASE_TOKEN_URI":"https://oauth2.googleapis.com/token","OL_FIREBASE_AUTH_PROVIDER_X509_CERT_URL":"https://www.googleapis.com/oauth2/v1/certs","OL_FIREBASE_CLIENT_X509_CERT_URL":"https://www.googleapis.com/robot/v1/metadata/x509/firebase-adminsdk-9yuwk%40outpostleads-8d880.iam.gserviceaccount.com","REACT_APP_API_TIMEOUT":"5000","FIREBASE_CONFIG":"{\"projectId\":\"outpostleads-8d880\",\"storageBucket\":\"outpostleads-8d880.appspot.com\"}","GCLOUD_PROJECT":"outpostleads-8d880","EVENTARC_CLOUD_EVENT_SOURCE":"projects/outpostleads-8d880/locations/us-central1/functions/api"},"runtime":"nodejs18","buildId":"da1d986e-ef95-4ac4-98c1-8dd03c5a80a1","buildEnvironmentVariables":{"GOOGLE_NODE_RUN_SCRIPTS":""},"buildName":"projects/283284414407/locations/us-central1/builds/da1d986e-ef95-4ac4-98c1-8dd03c5a80a1","dockerRegistry":"ARTIFACT_REGISTRY","automaticUpdatePolicy":{},"buildServiceAccount":"283284414407-compute@developer.gserviceaccount.com"},"versionId":"18","updateTime":"2024-08-16T22:19:55Z"}}
[debug] [2024-08-16T22:19:56.030Z] [update-default-us-central1-api] Retrying task index 0
[debug] [2024-08-16T22:19:56.030Z] >>> [apiv2][query] GET https://cloudfunctions.googleapis.com/v1/operations/b3V0cG9zdGxlYWRzLThkODgwL3VzLWNlbnRyYWwxL2FwaS9WSFE5d2VQenRrSQ [none]
[debug] [2024-08-16T22:19:56.122Z] <<< [apiv2][status] GET https://cloudfunctions.googleapis.com/v1/operations/b3V0cG9zdGxlYWRzLThkODgwL3VzLWNlbnRyYWwxL2FwaS9WSFE5d2VQenRrSQ 200
[debug] [2024-08-16T22:19:56.122Z] <<< [apiv2][body] GET https://cloudfunctions.googleapis.com/v1/operations/b3V0cG9zdGxlYWRzLThkODgwL3VzLWNlbnRyYWwxL2FwaS9WSFE5d2VQenRrSQ {"name":"operations/b3V0cG9zdGxlYWRzLThkODgwL3VzLWNlbnRyYWwxL2FwaS9WSFE5d2VQenRrSQ","metadata":{"@type":"type.googleapis.com/google.cloud.functions.v1.OperationMetadataV1","target":"projects/outpostleads-8d880/locations/us-central1/functions/api","type":"UPDATE_FUNCTION","request":{"@type":"type.googleapis.com/google.cloud.functions.v1.CloudFunction","name":"projects/outpostleads-8d880/locations/us-central1/functions/api","httpsTrigger":{"url":"https://us-central1-outpostleads-8d880.cloudfunctions.net/api","securityLevel":"SECURE_ALWAYS"},"status":"ACTIVE","entryPoint":"api","updateTime":"2024-08-16T22:11:43.509Z","versionId":"17","labels":{"deployment-tool":"cli-firebase","firebase-functions-hash":"9ee4bba88390edf84e883da8f3bd9034a49f00fc"},"sourceUploadUrl":"https://storage.googleapis.com/uploads-708838173867.us-central1.cloudfunctions.appspot.com/f7e9fdff-e9ac-40c7-a041-0c015de19235.zip?GoogleAccessId=service-283284414407@gcf-admin-robot.iam.gserviceaccount.com&Expires=1723848594&Signature=XCu%2FSqQ5u8urFqWjVUwEEisaI8fO5WVm1L6EionnmscyBIdDxxA567xyQceIxBrMWjZJr15IClL6Zwq7DxRgLQ7VauCudDE3GKbFpa9MRxyzM1sNToyfn5PNalA4y8n%2Bc4GUGUqSwJKOAk2BxGwxTZlhyrb0RlY6cLcPHJ0husuxay0EK6sj0It9Jz9fJ8mme4Lu5G%2FOwCoBjpvDMBdyPGe%2BEOEEZ0Ym1U06I5p8ntKf11hhoh9cK7khm2j4BcKuvcMeg6%2BrX5y8hlZpUlkB1lwSc3sczUoAuuOZHQil59oi9HSzfcZwLidel3u9BSGUuV6kdOS039%2B%2F22NP9KT9Aw%3D%3D","environmentVariables":{"API_KEY":"ZjY0NTc2Y2M4MmE0NDI4ZjkyMTNkOWI4NzEzNDJlZGF8MGVkMjM0ZmM1ZQ","OL_FIREBASE_TYPE":"service_account","OL_FIREBASE_PROJECT_ID":"outpostleads-8d880","OL_FIREBASE_PRIVATE_KEY_ID":"3e679e7c3527f100e78a520a4435018e9cb151b8","OL_FIREBASE_PRIVATE_KEY":"\"-----BEGIN PRIVATE KEY-----\\nMIIEvgIBADANBgkqhkiG9w0BAQEFAASCBKgwggSkAgEAAoIBAQDXG5dFseUiXZQR\\nPwZpMnqhjaSeY9Yqexu8qO5gTqttJEAhvYbCel/HvYSfMfZpZf8bJEaqET5ilRgw\\nsgo0GVqmXN4SgLkQQK2xa8oj0luHaWDBwTTChE0JNWS8ICI0uDZy8kX+A885ucP2\\nrdIxAIWF0Pw7knenq6k7SxiN5vqVdDqEInhQ6kaYYMyEhSAcj3A4U+bS6oKFZwZR\\ntPiD3J6h+096wXLkoszZI1S2OxtAenacttfigvKY8ajnF3wpo3Ic9zJqEzD4oldm\\nVlE51dK4n1f7S90tGvkIzNSCszM76LfSDtG9+UUe3esuvc3ax0sKekkZHhSPVhnI\\nwV3Gy3IvAgMBAAECggEADPLLO1XHDjeF1zftAd4ZBaqKE0K9PJdmhwfAOanipdI9\\nzgojl4dYRqTA2/hc9eE+5vpbCpe5IqQI7b154cL48vS6JXD8Mt9B1WFArMFX4yHT\\nwjYIIAFoxboiEzT3+iZwmKC+19iQ28+z3SB/e5Wlc/WtiUR60WwC5t/RXZFe2iol\\nquYc5yzw1JUCMYCRwN535WYvkk/RjzYikZJBwoQXYYjOuLSgg4WMzVsG40LixDp/\\ngKjZNhMtgr3HdJm+PvxngeDmNdEW1Oe8GkrqJMSdq4r/j9yabtG2NLjs5FOwB/7F\\nqULV26+Xx67hF/yvc8mlPNt/wD4Tu4mFbsRvKSlVaQKBgQDy2gpGfsMiUgQ2puqb\\nD1U/2SHyyma/UmsvZBhUrSZX3OISuS1kWQ3LP5XIt7ALUzT99J1OdkwJW/ztf2fx\\neR74EgHCpMfb5QXtYBLzzftVxfGdGHf3wFPGqApUbucb5pxdOsnzdIRW1mZlgNVT\\nE7DhHTXaLGbaVitDoIniy86u9QKBgQDiwQQGphnnPgBCHxhk5svzxWUnuFjxJBQP\\nA58mONa6sRl69F3K6vg0nHvx/Hs6CNVa3GFQ6BGPXhjdQQ/aEgIkG2o8p2ylFtGg\\nE/RMPtV2g2jv+h0CupMWL8Hw+Tf71uagBgIFg0+3oDks2bmIsuZTs3cjuzbOqC54\\n8/yxUkzeEwKBgQDs0qCOmnNkdqLRQPkr+UnjF7W5dJO6I3+PGYd4m9n2eNql85tG\\nbmm7OOiych7lDGFy/iahK09/GQuP91y/6KPAup6o19RmpfKfx77zrn1Y6c1yqzfi\\njNWltp1MNVJ+rObzK69hENE1daMpfPeLKnqlLL0lY4Nxi/Jo4pdUaffGOQKBgFqZ\\nNguWCBl9i0rf87Y1BN5ES1Ngc6D9gkoxb0AtS5ZSNlULGAKAeWVD9L3N3EpmxyBD\\nl1plLsbymMqmOTgvI83bakoLtvwLLvxfnKduH4n3nVDsxPSXKTefI0UtvjGQPptH\\naz1apto+WTnTUC8PE7nzpbGQFqjhR5gqHBeZQ38jAoGBAKnARSZoTM56dnBMzGCW\\nHXhsXQ1lHYEtAp8mvhIape/tfCK+5CbJpEy2gqyMhA2hbmU5dRY0Nd9kvJbvExAF\\nHN9Efx1/w6JE/la425DkdMnVwwbaYy7X77NCXHzrFcB7TOsPmr7ot5K8yrGnJwSF\\nxO/qqWZtQSkSdN6sADvY7uBT\\n-----END PRIVATE KEY-----\\n\",","OL_FIREBASE_CLIENT_EMAIL":"firebase-adminsdk-9yuwk@outpostleads-8d880.iam.gserviceaccount.com","OL_FIREBASE_CLIENT_ID":"100332630833211087701","OL_FIREBASE_AUTH_URI":"https://accounts.google.com/o/oauth2/auth","OL_FIREBASE_TOKEN_URI":"https://oauth2.googleapis.com/token","OL_FIREBASE_AUTH_PROVIDER_X509_CERT_URL":"https://www.googleapis.com/oauth2/v1/certs","OL_FIREBASE_CLIENT_X509_CERT_URL":"https://www.googleapis.com/robot/v1/metadata/x509/firebase-adminsdk-9yuwk%40outpostleads-8d880.iam.gserviceaccount.com","REACT_APP_API_TIMEOUT":"5000","FIREBASE_CONFIG":"{\"projectId\":\"outpostleads-8d880\",\"storageBucket\":\"outpostleads-8d880.appspot.com\"}","GCLOUD_PROJECT":"outpostleads-8d880","EVENTARC_CLOUD_EVENT_SOURCE":"projects/outpostleads-8d880/locations/us-central1/functions/api"},"runtime":"nodejs18","buildId":"da1d986e-ef95-4ac4-98c1-8dd03c5a80a1","buildEnvironmentVariables":{"GOOGLE_NODE_RUN_SCRIPTS":""},"buildName":"projects/283284414407/locations/us-central1/builds/da1d986e-ef95-4ac4-98c1-8dd03c5a80a1","dockerRegistry":"ARTIFACT_REGISTRY","automaticUpdatePolicy":{},"buildServiceAccount":"283284414407-compute@developer.gserviceaccount.com"},"versionId":"18","updateTime":"2024-08-16T22:19:55Z"}}
[debug] [2024-08-16T22:19:57.124Z] [update-default-us-central1-api] Retrying task index 0
[debug] [2024-08-16T22:19:57.124Z] >>> [apiv2][query] GET https://cloudfunctions.googleapis.com/v1/operations/b3V0cG9zdGxlYWRzLThkODgwL3VzLWNlbnRyYWwxL2FwaS9WSFE5d2VQenRrSQ [none]
[debug] [2024-08-16T22:19:57.249Z] <<< [apiv2][status] GET https://cloudfunctions.googleapis.com/v1/operations/b3V0cG9zdGxlYWRzLThkODgwL3VzLWNlbnRyYWwxL2FwaS9WSFE5d2VQenRrSQ 200
[debug] [2024-08-16T22:19:57.249Z] <<< [apiv2][body] GET https://cloudfunctions.googleapis.com/v1/operations/b3V0cG9zdGxlYWRzLThkODgwL3VzLWNlbnRyYWwxL2FwaS9WSFE5d2VQenRrSQ {"name":"operations/b3V0cG9zdGxlYWRzLThkODgwL3VzLWNlbnRyYWwxL2FwaS9WSFE5d2VQenRrSQ","metadata":{"@type":"type.googleapis.com/google.cloud.functions.v1.OperationMetadataV1","target":"projects/outpostleads-8d880/locations/us-central1/functions/api","type":"UPDATE_FUNCTION","request":{"@type":"type.googleapis.com/google.cloud.functions.v1.CloudFunction","name":"projects/outpostleads-8d880/locations/us-central1/functions/api","httpsTrigger":{"url":"https://us-central1-outpostleads-8d880.cloudfunctions.net/api","securityLevel":"SECURE_ALWAYS"},"status":"ACTIVE","entryPoint":"api","updateTime":"2024-08-16T22:11:43.509Z","versionId":"17","labels":{"deployment-tool":"cli-firebase","firebase-functions-hash":"9ee4bba88390edf84e883da8f3bd9034a49f00fc"},"sourceUploadUrl":"https://storage.googleapis.com/uploads-708838173867.us-central1.cloudfunctions.appspot.com/f7e9fdff-e9ac-40c7-a041-0c015de19235.zip?GoogleAccessId=service-283284414407@gcf-admin-robot.iam.gserviceaccount.com&Expires=1723848594&Signature=XCu%2FSqQ5u8urFqWjVUwEEisaI8fO5WVm1L6EionnmscyBIdDxxA567xyQceIxBrMWjZJr15IClL6Zwq7DxRgLQ7VauCudDE3GKbFpa9MRxyzM1sNToyfn5PNalA4y8n%2Bc4GUGUqSwJKOAk2BxGwxTZlhyrb0RlY6cLcPHJ0husuxay0EK6sj0It9Jz9fJ8mme4Lu5G%2FOwCoBjpvDMBdyPGe%2BEOEEZ0Ym1U06I5p8ntKf11hhoh9cK7khm2j4BcKuvcMeg6%2BrX5y8hlZpUlkB1lwSc3sczUoAuuOZHQil59oi9HSzfcZwLidel3u9BSGUuV6kdOS039%2B%2F22NP9KT9Aw%3D%3D","environmentVariables":{"API_KEY":"ZjY0NTc2Y2M4MmE0NDI4ZjkyMTNkOWI4NzEzNDJlZGF8MGVkMjM0ZmM1ZQ","OL_FIREBASE_TYPE":"service_account","OL_FIREBASE_PROJECT_ID":"outpostleads-8d880","OL_FIREBASE_PRIVATE_KEY_ID":"3e679e7c3527f100e78a520a4435018e9cb151b8","OL_FIREBASE_PRIVATE_KEY":"\"-----BEGIN PRIVATE KEY-----\\nMIIEvgIBADANBgkqhkiG9w0BAQEFAASCBKgwggSkAgEAAoIBAQDXG5dFseUiXZQR\\nPwZpMnqhjaSeY9Yqexu8qO5gTqttJEAhvYbCel/HvYSfMfZpZf8bJEaqET5ilRgw\\nsgo0GVqmXN4SgLkQQK2xa8oj0luHaWDBwTTChE0JNWS8ICI0uDZy8kX+A885ucP2\\nrdIxAIWF0Pw7knenq6k7SxiN5vqVdDqEInhQ6kaYYMyEhSAcj3A4U+bS6oKFZwZR\\ntPiD3J6h+096wXLkoszZI1S2OxtAenacttfigvKY8ajnF3wpo3Ic9zJqEzD4oldm\\nVlE51dK4n1f7S90tGvkIzNSCszM76LfSDtG9+UUe3esuvc3ax0sKekkZHhSPVhnI\\nwV3Gy3IvAgMBAAECggEADPLLO1XHDjeF1zftAd4ZBaqKE0K9PJdmhwfAOanipdI9\\nzgojl4dYRqTA2/hc9eE+5vpbCpe5IqQI7b154cL48vS6JXD8Mt9B1WFArMFX4yHT\\nwjYIIAFoxboiEzT3+iZwmKC+19iQ28+z3SB/e5Wlc/WtiUR60WwC5t/RXZFe2iol\\nquYc5yzw1JUCMYCRwN535WYvkk/RjzYikZJBwoQXYYjOuLSgg4WMzVsG40LixDp/\\ngKjZNhMtgr3HdJm+PvxngeDmNdEW1Oe8GkrqJMSdq4r/j9yabtG2NLjs5FOwB/7F\\nqULV26+Xx67hF/yvc8mlPNt/wD4Tu4mFbsRvKSlVaQKBgQDy2gpGfsMiUgQ2puqb\\nD1U/2SHyyma/UmsvZBhUrSZX3OISuS1kWQ3LP5XIt7ALUzT99J1OdkwJW/ztf2fx\\neR74EgHCpMfb5QXtYBLzzftVxfGdGHf3wFPGqApUbucb5pxdOsnzdIRW1mZlgNVT\\nE7DhHTXaLGbaVitDoIniy86u9QKBgQDiwQQGphnnPgBCHxhk5svzxWUnuFjxJBQP\\nA58mONa6sRl69F3K6vg0nHvx/Hs6CNVa3GFQ6BGPXhjdQQ/aEgIkG2o8p2ylFtGg\\nE/RMPtV2g2jv+h0CupMWL8Hw+Tf71uagBgIFg0+3oDks2bmIsuZTs3cjuzbOqC54\\n8/yxUkzeEwKBgQDs0qCOmnNkdqLRQPkr+UnjF7W5dJO6I3+PGYd4m9n2eNql85tG\\nbmm7OOiych7lDGFy/iahK09/GQuP91y/6KPAup6o19RmpfKfx77zrn1Y6c1yqzfi\\njNWltp1MNVJ+rObzK69hENE1daMpfPeLKnqlLL0lY4Nxi/Jo4pdUaffGOQKBgFqZ\\nNguWCBl9i0rf87Y1BN5ES1Ngc6D9gkoxb0AtS5ZSNlULGAKAeWVD9L3N3EpmxyBD\\nl1plLsbymMqmOTgvI83bakoLtvwLLvxfnKduH4n3nVDsxPSXKTefI0UtvjGQPptH\\naz1apto+WTnTUC8PE7nzpbGQFqjhR5gqHBeZQ38jAoGBAKnARSZoTM56dnBMzGCW\\nHXhsXQ1lHYEtAp8mvhIape/tfCK+5CbJpEy2gqyMhA2hbmU5dRY0Nd9kvJbvExAF\\nHN9Efx1/w6JE/la425DkdMnVwwbaYy7X77NCXHzrFcB7TOsPmr7ot5K8yrGnJwSF\\nxO/qqWZtQSkSdN6sADvY7uBT\\n-----END PRIVATE KEY-----\\n\",","OL_FIREBASE_CLIENT_EMAIL":"firebase-adminsdk-9yuwk@outpostleads-8d880.iam.gserviceaccount.com","OL_FIREBASE_CLIENT_ID":"100332630833211087701","OL_FIREBASE_AUTH_URI":"https://accounts.google.com/o/oauth2/auth","OL_FIREBASE_TOKEN_URI":"https://oauth2.googleapis.com/token","OL_FIREBASE_AUTH_PROVIDER_X509_CERT_URL":"https://www.googleapis.com/oauth2/v1/certs","OL_FIREBASE_CLIENT_X509_CERT_URL":"https://www.googleapis.com/robot/v1/metadata/x509/firebase-adminsdk-9yuwk%40outpostleads-8d880.iam.gserviceaccount.com","REACT_APP_API_TIMEOUT":"5000","FIREBASE_CONFIG":"{\"projectId\":\"outpostleads-8d880\",\"storageBucket\":\"outpostleads-8d880.appspot.com\"}","GCLOUD_PROJECT":"outpostleads-8d880","EVENTARC_CLOUD_EVENT_SOURCE":"projects/outpostleads-8d880/locations/us-central1/functions/api"},"runtime":"nodejs18","buildId":"da1d986e-ef95-4ac4-98c1-8dd03c5a80a1","buildEnvironmentVariables":{"GOOGLE_NODE_RUN_SCRIPTS":""},"buildName":"projects/283284414407/locations/us-central1/builds/da1d986e-ef95-4ac4-98c1-8dd03c5a80a1","dockerRegistry":"ARTIFACT_REGISTRY","automaticUpdatePolicy":{},"buildServiceAccount":"283284414407-compute@developer.gserviceaccount.com"},"versionId":"18","updateTime":"2024-08-16T22:19:55Z","buildId":"cd5b4fd7-9b55-432d-ad18-fcccf27acc08","buildName":"projects/283284414407/locations/us-central1/builds/cd5b4fd7-9b55-432d-ad18-fcccf27acc08"}}
[debug] [2024-08-16T22:19:59.250Z] [update-default-us-central1-api] Retrying task index 0
[debug] [2024-08-16T22:19:59.251Z] >>> [apiv2][query] GET https://cloudfunctions.googleapis.com/v1/operations/b3V0cG9zdGxlYWRzLThkODgwL3VzLWNlbnRyYWwxL2FwaS9WSFE5d2VQenRrSQ [none]
[debug] [2024-08-16T22:19:59.351Z] <<< [apiv2][status] GET https://cloudfunctions.googleapis.com/v1/operations/b3V0cG9zdGxlYWRzLThkODgwL3VzLWNlbnRyYWwxL2FwaS9WSFE5d2VQenRrSQ 200
[debug] [2024-08-16T22:19:59.351Z] <<< [apiv2][body] GET https://cloudfunctions.googleapis.com/v1/operations/b3V0cG9zdGxlYWRzLThkODgwL3VzLWNlbnRyYWwxL2FwaS9WSFE5d2VQenRrSQ {"name":"operations/b3V0cG9zdGxlYWRzLThkODgwL3VzLWNlbnRyYWwxL2FwaS9WSFE5d2VQenRrSQ","metadata":{"@type":"type.googleapis.com/google.cloud.functions.v1.OperationMetadataV1","target":"projects/outpostleads-8d880/locations/us-central1/functions/api","type":"UPDATE_FUNCTION","request":{"@type":"type.googleapis.com/google.cloud.functions.v1.CloudFunction","name":"projects/outpostleads-8d880/locations/us-central1/functions/api","httpsTrigger":{"url":"https://us-central1-outpostleads-8d880.cloudfunctions.net/api","securityLevel":"SECURE_ALWAYS"},"status":"ACTIVE","entryPoint":"api","updateTime":"2024-08-16T22:11:43.509Z","versionId":"17","labels":{"deployment-tool":"cli-firebase","firebase-functions-hash":"9ee4bba88390edf84e883da8f3bd9034a49f00fc"},"sourceUploadUrl":"https://storage.googleapis.com/uploads-708838173867.us-central1.cloudfunctions.appspot.com/f7e9fdff-e9ac-40c7-a041-0c015de19235.zip?GoogleAccessId=service-283284414407@gcf-admin-robot.iam.gserviceaccount.com&Expires=1723848594&Signature=XCu%2FSqQ5u8urFqWjVUwEEisaI8fO5WVm1L6EionnmscyBIdDxxA567xyQceIxBrMWjZJr15IClL6Zwq7DxRgLQ7VauCudDE3GKbFpa9MRxyzM1sNToyfn5PNalA4y8n%2Bc4GUGUqSwJKOAk2BxGwxTZlhyrb0RlY6cLcPHJ0husuxay0EK6sj0It9Jz9fJ8mme4Lu5G%2FOwCoBjpvDMBdyPGe%2BEOEEZ0Ym1U06I5p8ntKf11hhoh9cK7khm2j4BcKuvcMeg6%2BrX5y8hlZpUlkB1lwSc3sczUoAuuOZHQil59oi9HSzfcZwLidel3u9BSGUuV6kdOS039%2B%2F22NP9KT9Aw%3D%3D","environmentVariables":{"API_KEY":"ZjY0NTc2Y2M4MmE0NDI4ZjkyMTNkOWI4NzEzNDJlZGF8MGVkMjM0ZmM1ZQ","OL_FIREBASE_TYPE":"service_account","OL_FIREBASE_PROJECT_ID":"outpostleads-8d880","OL_FIREBASE_PRIVATE_KEY_ID":"3e679e7c3527f100e78a520a4435018e9cb151b8","OL_FIREBASE_PRIVATE_KEY":"\"-----BEGIN PRIVATE KEY-----\\nMIIEvgIBADANBgkqhkiG9w0BAQEFAASCBKgwggSkAgEAAoIBAQDXG5dFseUiXZQR\\nPwZpMnqhjaSeY9Yqexu8qO5gTqttJEAhvYbCel/HvYSfMfZpZf8bJEaqET5ilRgw\\nsgo0GVqmXN4SgLkQQK2xa8oj0luHaWDBwTTChE0JNWS8ICI0uDZy8kX+A885ucP2\\nrdIxAIWF0Pw7knenq6k7SxiN5vqVdDqEInhQ6kaYYMyEhSAcj3A4U+bS6oKFZwZR\\ntPiD3J6h+096wXLkoszZI1S2OxtAenacttfigvKY8ajnF3wpo3Ic9zJqEzD4oldm\\nVlE51dK4n1f7S90tGvkIzNSCszM76LfSDtG9+UUe3esuvc3ax0sKekkZHhSPVhnI\\nwV3Gy3IvAgMBAAECggEADPLLO1XHDjeF1zftAd4ZBaqKE0K9PJdmhwfAOanipdI9\\nzgojl4dYRqTA2/hc9eE+5vpbCpe5IqQI7b154cL48vS6JXD8Mt9B1WFArMFX4yHT\\nwjYIIAFoxboiEzT3+iZwmKC+19iQ28+z3SB/e5Wlc/WtiUR60WwC5t/RXZFe2iol\\nquYc5yzw1JUCMYCRwN535WYvkk/RjzYikZJBwoQXYYjOuLSgg4WMzVsG40LixDp/\\ngKjZNhMtgr3HdJm+PvxngeDmNdEW1Oe8GkrqJMSdq4r/j9yabtG2NLjs5FOwB/7F\\nqULV26+Xx67hF/yvc8mlPNt/wD4Tu4mFbsRvKSlVaQKBgQDy2gpGfsMiUgQ2puqb\\nD1U/2SHyyma/UmsvZBhUrSZX3OISuS1kWQ3LP5XIt7ALUzT99J1OdkwJW/ztf2fx\\neR74EgHCpMfb5QXtYBLzzftVxfGdGHf3wFPGqApUbucb5pxdOsnzdIRW1mZlgNVT\\nE7DhHTXaLGbaVitDoIniy86u9QKBgQDiwQQGphnnPgBCHxhk5svzxWUnuFjxJBQP\\nA58mONa6sRl69F3K6vg0nHvx/Hs6CNVa3GFQ6BGPXhjdQQ/aEgIkG2o8p2ylFtGg\\nE/RMPtV2g2jv+h0CupMWL8Hw+Tf71uagBgIFg0+3oDks2bmIsuZTs3cjuzbOqC54\\n8/yxUkzeEwKBgQDs0qCOmnNkdqLRQPkr+UnjF7W5dJO6I3+PGYd4m9n2eNql85tG\\nbmm7OOiych7lDGFy/iahK09/GQuP91y/6KPAup6o19RmpfKfx77zrn1Y6c1yqzfi\\njNWltp1MNVJ+rObzK69hENE1daMpfPeLKnqlLL0lY4Nxi/Jo4pdUaffGOQKBgFqZ\\nNguWCBl9i0rf87Y1BN5ES1Ngc6D9gkoxb0AtS5ZSNlULGAKAeWVD9L3N3EpmxyBD\\nl1plLsbymMqmOTgvI83bakoLtvwLLvxfnKduH4n3nVDsxPSXKTefI0UtvjGQPptH\\naz1apto+WTnTUC8PE7nzpbGQFqjhR5gqHBeZQ38jAoGBAKnARSZoTM56dnBMzGCW\\nHXhsXQ1lHYEtAp8mvhIape/tfCK+5CbJpEy2gqyMhA2hbmU5dRY0Nd9kvJbvExAF\\nHN9Efx1/w6JE/la425DkdMnVwwbaYy7X77NCXHzrFcB7TOsPmr7ot5K8yrGnJwSF\\nxO/qqWZtQSkSdN6sADvY7uBT\\n-----END PRIVATE KEY-----\\n\",","OL_FIREBASE_CLIENT_EMAIL":"firebase-adminsdk-9yuwk@outpostleads-8d880.iam.gserviceaccount.com","OL_FIREBASE_CLIENT_ID":"100332630833211087701","OL_FIREBASE_AUTH_URI":"https://accounts.google.com/o/oauth2/auth","OL_FIREBASE_TOKEN_URI":"https://oauth2.googleapis.com/token","OL_FIREBASE_AUTH_PROVIDER_X509_CERT_URL":"https://www.googleapis.com/oauth2/v1/certs","OL_FIREBASE_CLIENT_X509_CERT_URL":"https://www.googleapis.com/robot/v1/metadata/x509/firebase-adminsdk-9yuwk%40outpostleads-8d880.iam.gserviceaccount.com","REACT_APP_API_TIMEOUT":"5000","FIREBASE_CONFIG":"{\"projectId\":\"outpostleads-8d880\",\"storageBucket\":\"outpostleads-8d880.appspot.com\"}","GCLOUD_PROJECT":"outpostleads-8d880","EVENTARC_CLOUD_EVENT_SOURCE":"projects/outpostleads-8d880/locations/us-central1/functions/api"},"runtime":"nodejs18","buildId":"da1d986e-ef95-4ac4-98c1-8dd03c5a80a1","buildEnvironmentVariables":{"GOOGLE_NODE_RUN_SCRIPTS":""},"buildName":"projects/283284414407/locations/us-central1/builds/da1d986e-ef95-4ac4-98c1-8dd03c5a80a1","dockerRegistry":"ARTIFACT_REGISTRY","automaticUpdatePolicy":{},"buildServiceAccount":"283284414407-compute@developer.gserviceaccount.com"},"versionId":"18","updateTime":"2024-08-16T22:19:55Z","buildId":"cd5b4fd7-9b55-432d-ad18-fcccf27acc08","buildName":"projects/283284414407/locations/us-central1/builds/cd5b4fd7-9b55-432d-ad18-fcccf27acc08"}}
[debug] [2024-08-16T22:20:03.353Z] [update-default-us-central1-api] Retrying task index 0
[debug] [2024-08-16T22:20:03.354Z] >>> [apiv2][query] GET https://cloudfunctions.googleapis.com/v1/operations/b3V0cG9zdGxlYWRzLThkODgwL3VzLWNlbnRyYWwxL2FwaS9WSFE5d2VQenRrSQ [none]
[debug] [2024-08-16T22:20:03.444Z] <<< [apiv2][status] GET https://cloudfunctions.googleapis.com/v1/operations/b3V0cG9zdGxlYWRzLThkODgwL3VzLWNlbnRyYWwxL2FwaS9WSFE5d2VQenRrSQ 200
[debug] [2024-08-16T22:20:03.444Z] <<< [apiv2][body] GET https://cloudfunctions.googleapis.com/v1/operations/b3V0cG9zdGxlYWRzLThkODgwL3VzLWNlbnRyYWwxL2FwaS9WSFE5d2VQenRrSQ {"name":"operations/b3V0cG9zdGxlYWRzLThkODgwL3VzLWNlbnRyYWwxL2FwaS9WSFE5d2VQenRrSQ","metadata":{"@type":"type.googleapis.com/google.cloud.functions.v1.OperationMetadataV1","target":"projects/outpostleads-8d880/locations/us-central1/functions/api","type":"UPDATE_FUNCTION","request":{"@type":"type.googleapis.com/google.cloud.functions.v1.CloudFunction","name":"projects/outpostleads-8d880/locations/us-central1/functions/api","httpsTrigger":{"url":"https://us-central1-outpostleads-8d880.cloudfunctions.net/api","securityLevel":"SECURE_ALWAYS"},"status":"ACTIVE","entryPoint":"api","updateTime":"2024-08-16T22:11:43.509Z","versionId":"17","labels":{"deployment-tool":"cli-firebase","firebase-functions-hash":"9ee4bba88390edf84e883da8f3bd9034a49f00fc"},"sourceUploadUrl":"https://storage.googleapis.com/uploads-708838173867.us-central1.cloudfunctions.appspot.com/f7e9fdff-e9ac-40c7-a041-0c015de19235.zip?GoogleAccessId=service-283284414407@gcf-admin-robot.iam.gserviceaccount.com&Expires=1723848594&Signature=XCu%2FSqQ5u8urFqWjVUwEEisaI8fO5WVm1L6EionnmscyBIdDxxA567xyQceIxBrMWjZJr15IClL6Zwq7DxRgLQ7VauCudDE3GKbFpa9MRxyzM1sNToyfn5PNalA4y8n%2Bc4GUGUqSwJKOAk2BxGwxTZlhyrb0RlY6cLcPHJ0husuxay0EK6sj0It9Jz9fJ8mme4Lu5G%2FOwCoBjpvDMBdyPGe%2BEOEEZ0Ym1U06I5p8ntKf11hhoh9cK7khm2j4BcKuvcMeg6%2BrX5y8hlZpUlkB1lwSc3sczUoAuuOZHQil59oi9HSzfcZwLidel3u9BSGUuV6kdOS039%2B%2F22NP9KT9Aw%3D%3D","environmentVariables":{"API_KEY":"ZjY0NTc2Y2M4MmE0NDI4ZjkyMTNkOWI4NzEzNDJlZGF8MGVkMjM0ZmM1ZQ","OL_FIREBASE_TYPE":"service_account","OL_FIREBASE_PROJECT_ID":"outpostleads-8d880","OL_FIREBASE_PRIVATE_KEY_ID":"3e679e7c3527f100e78a520a4435018e9cb151b8","OL_FIREBASE_PRIVATE_KEY":"\"-----BEGIN PRIVATE KEY-----\\nMIIEvgIBADANBgkqhkiG9w0BAQEFAASCBKgwggSkAgEAAoIBAQDXG5dFseUiXZQR\\nPwZpMnqhjaSeY9Yqexu8qO5gTqttJEAhvYbCel/HvYSfMfZpZf8bJEaqET5ilRgw\\nsgo0GVqmXN4SgLkQQK2xa8oj0luHaWDBwTTChE0JNWS8ICI0uDZy8kX+A885ucP2\\nrdIxAIWF0Pw7knenq6k7SxiN5vqVdDqEInhQ6kaYYMyEhSAcj3A4U+bS6oKFZwZR\\ntPiD3J6h+096wXLkoszZI1S2OxtAenacttfigvKY8ajnF3wpo3Ic9zJqEzD4oldm\\nVlE51dK4n1f7S90tGvkIzNSCszM76LfSDtG9+UUe3esuvc3ax0sKekkZHhSPVhnI\\nwV3Gy3IvAgMBAAECggEADPLLO1XHDjeF1zftAd4ZBaqKE0K9PJdmhwfAOanipdI9\\nzgojl4dYRqTA2/hc9eE+5vpbCpe5IqQI7b154cL48vS6JXD8Mt9B1WFArMFX4yHT\\nwjYIIAFoxboiEzT3+iZwmKC+19iQ28+z3SB/e5Wlc/WtiUR60WwC5t/RXZFe2iol\\nquYc5yzw1JUCMYCRwN535WYvkk/RjzYikZJBwoQXYYjOuLSgg4WMzVsG40LixDp/\\ngKjZNhMtgr3HdJm+PvxngeDmNdEW1Oe8GkrqJMSdq4r/j9yabtG2NLjs5FOwB/7F\\nqULV26+Xx67hF/yvc8mlPNt/wD4Tu4mFbsRvKSlVaQKBgQDy2gpGfsMiUgQ2puqb\\nD1U/2SHyyma/UmsvZBhUrSZX3OISuS1kWQ3LP5XIt7ALUzT99J1OdkwJW/ztf2fx\\neR74EgHCpMfb5QXtYBLzzftVxfGdGHf3wFPGqApUbucb5pxdOsnzdIRW1mZlgNVT\\nE7DhHTXaLGbaVitDoIniy86u9QKBgQDiwQQGphnnPgBCHxhk5svzxWUnuFjxJBQP\\nA58mONa6sRl69F3K6vg0nHvx/Hs6CNVa3GFQ6BGPXhjdQQ/aEgIkG2o8p2ylFtGg\\nE/RMPtV2g2jv+h0CupMWL8Hw+Tf71uagBgIFg0+3oDks2bmIsuZTs3cjuzbOqC54\\n8/yxUkzeEwKBgQDs0qCOmnNkdqLRQPkr+UnjF7W5dJO6I3+PGYd4m9n2eNql85tG\\nbmm7OOiych7lDGFy/iahK09/GQuP91y/6KPAup6o19RmpfKfx77zrn1Y6c1yqzfi\\njNWltp1MNVJ+rObzK69hENE1daMpfPeLKnqlLL0lY4Nxi/Jo4pdUaffGOQKBgFqZ\\nNguWCBl9i0rf87Y1BN5ES1Ngc6D9gkoxb0AtS5ZSNlULGAKAeWVD9L3N3EpmxyBD\\nl1plLsbymMqmOTgvI83bakoLtvwLLvxfnKduH4n3nVDsxPSXKTefI0UtvjGQPptH\\naz1apto+WTnTUC8PE7nzpbGQFqjhR5gqHBeZQ38jAoGBAKnARSZoTM56dnBMzGCW\\nHXhsXQ1lHYEtAp8mvhIape/tfCK+5CbJpEy2gqyMhA2hbmU5dRY0Nd9kvJbvExAF\\nHN9Efx1/w6JE/la425DkdMnVwwbaYy7X77NCXHzrFcB7TOsPmr7ot5K8yrGnJwSF\\nxO/qqWZtQSkSdN6sADvY7uBT\\n-----END PRIVATE KEY-----\\n\",","OL_FIREBASE_CLIENT_EMAIL":"firebase-adminsdk-9yuwk@outpostleads-8d880.iam.gserviceaccount.com","OL_FIREBASE_CLIENT_ID":"100332630833211087701","OL_FIREBASE_AUTH_URI":"https://accounts.google.com/o/oauth2/auth","OL_FIREBASE_TOKEN_URI":"https://oauth2.googleapis.com/token","OL_FIREBASE_AUTH_PROVIDER_X509_CERT_URL":"https://www.googleapis.com/oauth2/v1/certs","OL_FIREBASE_CLIENT_X509_CERT_URL":"https://www.googleapis.com/robot/v1/metadata/x509/firebase-adminsdk-9yuwk%40outpostleads-8d880.iam.gserviceaccount.com","REACT_APP_API_TIMEOUT":"5000","FIREBASE_CONFIG":"{\"projectId\":\"outpostleads-8d880\",\"storageBucket\":\"outpostleads-8d880.appspot.com\"}","GCLOUD_PROJECT":"outpostleads-8d880","EVENTARC_CLOUD_EVENT_SOURCE":"projects/outpostleads-8d880/locations/us-central1/functions/api"},"runtime":"nodejs18","buildId":"da1d986e-ef95-4ac4-98c1-8dd03c5a80a1","buildEnvironmentVariables":{"GOOGLE_NODE_RUN_SCRIPTS":""},"buildName":"projects/283284414407/locations/us-central1/builds/da1d986e-ef95-4ac4-98c1-8dd03c5a80a1","dockerRegistry":"ARTIFACT_REGISTRY","automaticUpdatePolicy":{},"buildServiceAccount":"283284414407-compute@developer.gserviceaccount.com"},"versionId":"18","updateTime":"2024-08-16T22:19:55Z","buildId":"cd5b4fd7-9b55-432d-ad18-fcccf27acc08","buildName":"projects/283284414407/locations/us-central1/builds/cd5b4fd7-9b55-432d-ad18-fcccf27acc08"}}
